<?xml version="1.0" encoding="UTF-8"?>
<testng-results skipped="0" failed="0" total="2" passed="2">
  <reporter-output>
  </reporter-output>
  <suite name="Default suite" duration-ms="15116" started-at="2015-12-21T13:40:08Z" finished-at="2015-12-21T13:40:23Z">
    <groups>
    </groups>
    <test name="Default test" duration-ms="15116" started-at="2015-12-21T13:40:08Z" finished-at="2015-12-21T13:40:23Z">
      <class name="Tests.LoginTest">
        <test-method status="PASS" signature="run()[pri:0, instance:Tests.LoginTest@5fbfe745]" name="run" is-config="true" duration-ms="7920" started-at="2015-12-21T19:10:08Z" finished-at="2015-12-21T19:10:16Z">
          <reporter-output>
          </reporter-output>
        </test-method> <!-- run -->
        <test-method status="PASS" signature="loginTest()[pri:0, instance:Tests.LoginTest@5fbfe745]" name="loginTest" duration-ms="5082" started-at="2015-12-21T19:10:16Z" finished-at="2015-12-21T19:10:21Z">
          <reporter-output>
          </reporter-output>
        </test-method> <!-- loginTest -->
        <test-method status="PASS" signature="logout()[pri:0, instance:Tests.LoginTest@5fbfe745]" name="logout" duration-ms="1563" started-at="2015-12-21T19:10:21Z" finished-at="2015-12-21T19:10:22Z">
          <reporter-output>
          </reporter-output>
        </test-method> <!-- logout -->
        <test-method status="PASS" signature="afterClass()[pri:0, instance:Tests.LoginTest@5fbfe745]" name="afterClass" is-config="true" duration-ms="533" started-at="2015-12-21T19:10:22Z" finished-at="2015-12-21T19:10:23Z">
          <reporter-output>
          </reporter-output>
        </test-method> <!-- afterClass -->
      </class> <!-- Tests.LoginTest -->
    </test> <!-- Default test -->
  </suite> <!-- Default suite -->
</testng-results>
